<?xml version="1.0" encoding="UTF-8"?>
<testng-results ignored="0" total="1" passed="1" failed="0" skipped="0">
  <reporter-output>
  </reporter-output>
  <suite started-at="2022-08-18T16:37:20 IST" name="Default suite" finished-at="2022-08-18T16:37:41 IST" duration-ms="20425">
    <groups>
    </groups>
    <test started-at="2022-08-18T16:37:20 IST" name="Default test" finished-at="2022-08-18T16:37:41 IST" duration-ms="20425">
      <class name="uploadFiles.UploadFiles">
        <test-method is-config="true" signature="setup()[pri:0, instance:uploadFiles.UploadFiles@54a7079e]" started-at="2022-08-18T16:37:20 IST" name="setup" finished-at="2022-08-18T16:37:29 IST" duration-ms="9110" status="PASS">
          <reporter-output>
          </reporter-output>
        </test-method> <!-- setup -->
        <test-method signature="run()[pri:0, instance:uploadFiles.UploadFiles@54a7079e]" started-at="2022-08-18T16:37:29 IST" name="run" finished-at="2022-08-18T16:37:41 IST" duration-ms="11281" status="PASS">
          <reporter-output>
          </reporter-output>
        </test-method> <!-- run -->
      </class> <!-- uploadFiles.UploadFiles -->
    </test> <!-- Default test -->
  </suite> <!-- Default suite -->
</testng-results>
